{
  "stats": {
    "suites": 2,
    "tests": 13,
    "passes": 13,
    "pending": 0,
    "failures": 0,
    "start": "2020-07-30T18:37:54.026Z",
    "end": "2020-07-30T18:37:54.026Z",
    "duration": 15255,
    "testsRegistered": 13,
    "passPercent": 100,
    "pendingPercent": 0,
    "other": 0,
    "hasOther": false,
    "skipped": 0,
    "hasSkipped": false
  },
  "results": [
    {
      "uuid": "db63fbd9-788c-4912-807e-8d1fed876b49",
      "title": "",
      "fullFile": "cypress/integration/TestWithObjects.js",
      "file": "cypress/integration/TestWithObjects.js",
      "beforeHooks": [],
      "afterHooks": [],
      "tests": [],
      "suites": [
        {
          "uuid": "9fd3a1e5-8cea-47e6-913f-3c1beffba831",
          "title": "Friendly_User_Test",
          "fullFile": "",
          "file": "",
          "beforeHooks": [],
          "afterHooks": [],
          "tests": [
            {
              "title": "Open Application",
              "fullTitle": "Friendly_User_Test Open Application",
              "timedOut": null,
              "duration": 1016,
              "state": "passed",
              "speed": "slow",
              "pass": true,
              "fail": false,
              "pending": false,
              "context": null,
              "code": "cy.openMainPage();",
              "err": {},
              "uuid": "b5150a48-53c8-44be-923d-00c7b0619d45",
              "parentUUID": "9fd3a1e5-8cea-47e6-913f-3c1beffba831",
              "isHook": false,
              "skipped": false
            },
            {
              "title": "Parking Lot Test",
              "fullTitle": "Friendly_User_Test Parking Lot Test",
              "timedOut": null,
              "duration": 211,
              "state": "passed",
              "speed": "slow",
              "pass": true,
              "fail": false,
              "pending": false,
              "context": null,
              "code": "/* \nTry this Tests  \n\n          select             shloud_be\npickLot(\"Valet Parking\", \"Valet Parking\");     //pass\npickLot(\"Short-Term Parking\", \"Short-Term (hourly) Parking\"); // error\n\n\n\n*/\n_parkingLotPicker.onParkingLotPicker.pickLot(\"Short-Term Parking\", \"Short-Term Parking\");",
              "err": {},
              "uuid": "dccda166-0347-433d-8a8d-166c50dd703f",
              "parentUUID": "9fd3a1e5-8cea-47e6-913f-3c1beffba831",
              "isHook": false,
              "skipped": false
            },
            {
              "title": "Starting Date Test",
              "fullTitle": "Friendly_User_Test Starting Date Test",
              "timedOut": null,
              "duration": 469,
              "state": "passed",
              "speed": "slow",
              "pass": true,
              "fail": false,
              "pending": false,
              "context": null,
              "code": "_startingDate.onStartingDate.pickDate(\"7/29/2020\");",
              "err": {},
              "uuid": "1b6738d9-d75a-4a58-bf61-b69c2d8f5b33",
              "parentUUID": "9fd3a1e5-8cea-47e6-913f-3c1beffba831",
              "isHook": false,
              "skipped": false
            },
            {
              "title": "Starting Time Test",
              "fullTitle": "Friendly_User_Test Starting Time Test",
              "timedOut": null,
              "duration": 351,
              "state": "passed",
              "speed": "slow",
              "pass": true,
              "fail": false,
              "pending": false,
              "context": null,
              "code": "_startingTime.OnStartingTime.pickTime(\"12:00\");",
              "err": {},
              "uuid": "070e6897-ae86-44fb-9b3d-0463b5a3981a",
              "parentUUID": "9fd3a1e5-8cea-47e6-913f-3c1beffba831",
              "isHook": false,
              "skipped": false
            },
            {
              "title": "Starting Time AM or PM Test",
              "fullTitle": "Friendly_User_Test Starting Time AM or PM Test",
              "timedOut": null,
              "duration": 102,
              "state": "passed",
              "speed": "slow",
              "pass": true,
              "fail": false,
              "pending": false,
              "context": null,
              "code": "_startingTimeAMPM.OnStartingTimeAMPM.pickPeriod(\"PM\");",
              "err": {},
              "uuid": "3b369dbe-4243-4f91-a4d7-803838d55765",
              "parentUUID": "9fd3a1e5-8cea-47e6-913f-3c1beffba831",
              "isHook": false,
              "skipped": false
            },
            {
              "title": "Leaving Date Test",
              "fullTitle": "Friendly_User_Test Leaving Date Test",
              "timedOut": null,
              "duration": 416,
              "state": "passed",
              "speed": "slow",
              "pass": true,
              "fail": false,
              "pending": false,
              "context": null,
              "code": "_LeavingDate.OnLeavingDate.leaveDate(\"7/29/2020\");",
              "err": {},
              "uuid": "a5b464e1-2411-4bde-93ea-6e726c466564",
              "parentUUID": "9fd3a1e5-8cea-47e6-913f-3c1beffba831",
              "isHook": false,
              "skipped": false
            },
            {
              "title": "Leaving Time Test",
              "fullTitle": "Friendly_User_Test Leaving Time Test",
              "timedOut": null,
              "duration": 314,
              "state": "passed",
              "speed": "slow",
              "pass": true,
              "fail": false,
              "pending": false,
              "context": null,
              "code": "_LeavingTime.OnLeavingTime.leaveTime(\"1:00\");",
              "err": {},
              "uuid": "7883daff-1275-4a99-bfd5-81ff81c134aa",
              "parentUUID": "9fd3a1e5-8cea-47e6-913f-3c1beffba831",
              "isHook": false,
              "skipped": false
            },
            {
              "title": "Leaving Time AM or PM Test",
              "fullTitle": "Friendly_User_Test Leaving Time AM or PM Test",
              "timedOut": null,
              "duration": 109,
              "state": "passed",
              "speed": "slow",
              "pass": true,
              "fail": false,
              "pending": false,
              "context": null,
              "code": "_LeavingTimeAMPM.OnLeavingTimeAMPM.pickPeriod(\"PM\");",
              "err": {},
              "uuid": "8dec4d5a-30d7-43bf-a6bf-a5d3e7122e09",
              "parentUUID": "9fd3a1e5-8cea-47e6-913f-3c1beffba831",
              "isHook": false,
              "skipped": false
            },
            {
              "title": "Format Submit Test",
              "fullTitle": "Friendly_User_Test Format Submit Test",
              "timedOut": null,
              "duration": 590,
              "state": "passed",
              "speed": "slow",
              "pass": true,
              "fail": false,
              "pending": false,
              "context": null,
              "code": "_submitForm.FormSubmit.Submit();",
              "err": {},
              "uuid": "71f73cf8-41aa-4366-9b1d-be2b1c294b1b",
              "parentUUID": "9fd3a1e5-8cea-47e6-913f-3c1beffba831",
              "isHook": false,
              "skipped": false
            },
            {
              "title": "Check Correct Price Test",
              "fullTitle": "Friendly_User_Test Check Correct Price Test",
              "timedOut": null,
              "duration": 97,
              "state": "passed",
              "speed": "slow",
              "pass": true,
              "fail": false,
              "pending": false,
              "context": null,
              "code": "_checkPrice.oncheckPrice.ShouldBe(\"$ 2.00\");",
              "err": {},
              "uuid": "c12a74d8-94cc-4b25-bd42-359c0569e96d",
              "parentUUID": "9fd3a1e5-8cea-47e6-913f-3c1beffba831",
              "isHook": false,
              "skipped": false
            },
            {
              "title": "Check Correct Date Test",
              "fullTitle": "Friendly_User_Test Check Correct Date Test",
              "timedOut": null,
              "duration": 30,
              "state": "passed",
              "speed": "fast",
              "pass": true,
              "fail": false,
              "pending": false,
              "context": null,
              "code": "_checkDate.OncheckDate.CheckDate(\"(0 Days, 1 Hours, 0 Minutes)\");",
              "err": {},
              "uuid": "ee1c32c3-111a-41f6-aa39-79ef9fa64e17",
              "parentUUID": "9fd3a1e5-8cea-47e6-913f-3c1beffba831",
              "isHook": false,
              "skipped": false
            }
          ],
          "suites": [],
          "passes": [
            "b5150a48-53c8-44be-923d-00c7b0619d45",
            "dccda166-0347-433d-8a8d-166c50dd703f",
            "1b6738d9-d75a-4a58-bf61-b69c2d8f5b33",
            "070e6897-ae86-44fb-9b3d-0463b5a3981a",
            "3b369dbe-4243-4f91-a4d7-803838d55765",
            "a5b464e1-2411-4bde-93ea-6e726c466564",
            "7883daff-1275-4a99-bfd5-81ff81c134aa",
            "8dec4d5a-30d7-43bf-a6bf-a5d3e7122e09",
            "71f73cf8-41aa-4366-9b1d-be2b1c294b1b",
            "c12a74d8-94cc-4b25-bd42-359c0569e96d",
            "ee1c32c3-111a-41f6-aa39-79ef9fa64e17"
          ],
          "failures": [],
          "pending": [],
          "skipped": [],
          "duration": 3705,
          "root": false,
          "rootEmpty": false,
          "_timeout": 2000
        }
      ],
      "passes": [],
      "failures": [],
      "pending": [],
      "skipped": [],
      "duration": 0,
      "root": true,
      "rootEmpty": true,
      "_timeout": 2000
    },
    {
      "uuid": "23002dd8-47c8-4251-adaa-3bab4832524a",
      "title": "",
      "fullFile": "cypress/integration/Test_UI.spec.js",
      "file": "cypress/integration/Test_UI.spec.js",
      "beforeHooks": [],
      "afterHooks": [],
      "tests": [],
      "suites": [
        {
          "uuid": "fb70b5c3-bc1e-4c41-89f3-32d325382ef9",
          "title": "Tests is only to check if calendar , dropdowns, radiobutton works",
          "fullFile": "",
          "file": "",
          "beforeHooks": [],
          "afterHooks": [],
          "tests": [
            {
              "title": " Choose a Parking Lot Dropdown Test",
              "fullTitle": "Tests is only to check if calendar , dropdowns, radiobutton works  Choose a Parking Lot Dropdown Test",
              "timedOut": null,
              "duration": 8077,
              "state": "passed",
              "speed": "slow",
              "pass": true,
              "fail": false,
              "pending": false,
              "context": null,
              "code": "cy.openMainPage();\ncy.get(\"form\").find(\"tbody\").then(function (table) {\n  cy.wrap(table).find(\"tr\").first().get(\"select\").select(\"Short-Term Parking\").should(\"contain\", \" Short-Term Parking\").wait(1000).select(\"Economy Parking\").should(\"contain\", \"Economy Parking\").wait(1000).select(\"Valet Parking\").should(\"contain\", \"Valet Parking\").wait(1000).select(\"Long-Term Garage Parking\").should(\"contain\", \"Long-Term Garage Parking\").wait(1000).select(\"Long-Term Surface Parking\").should(\"contain\", \"Long-Term Surface Parking\").wait(1000);\n});",
              "err": {},
              "uuid": "6c67ab09-dc90-44a6-ba02-edccd865ce09",
              "parentUUID": "fb70b5c3-bc1e-4c41-89f3-32d325382ef9",
              "isHook": false,
              "skipped": false
            },
            {
              "title": "Please input calendar, time and  radio boton test",
              "fullTitle": "Tests is only to check if calendar , dropdowns, radiobutton works Please input calendar, time and  radio boton test",
              "timedOut": null,
              "duration": 3473,
              "state": "passed",
              "speed": "slow",
              "pass": true,
              "fail": false,
              "pending": false,
              "context": null,
              "code": "cy.get(\"form\").find(\"tbody\").then(function (table) {\n  cy.wrap(table).find(\"tr\").eq(1).get(\"[name=StartingDate]\").then(function (date) {\n    cy.wrap(date).clear().type(\"8/30/2020\").invoke(\"prop\", \"value\").then(function (Value) {\n      expect(Value).to.equal(\"8/30/2020\");\n    });\n  });\n});\ncy.get(\"form\").find(\"tbody\").then(function (table) {\n  cy.wrap(table).find(\"tr\").eq(1).get(\"body > form > table > tbody > tr:nth-child(2) > td:nth-child(2) > a\") // .click()\n  .should(\"have.attr\", \"href\");\n});\ncy.get(\"#StartingTime\").clear().type(\"1:00\").invoke(\"prop\", \"value\").should(\"contain\", \"1:00\");\ncy.get(\"body > form > table > tbody > tr:nth-child(2) > td:nth-child(2) > input[type=radio]:nth-child(4)\").check({\n  force: true\n});\ncy.get(\"body > form > table > tbody > tr:nth-child(2) > td:nth-child(2) > input[type=radio]:nth-child(5)\").check({\n  force: true\n});\ncy.get(\"#LeavingDate\").clear().type(\"8/30/2020\").invoke(\"prop\", \"value\").should(\"contain\", \"8/30/2020\");\ncy.get(\"#LeavingTime\").clear().type(\"2:00\").invoke(\"prop\", \"value\").should(\"contain\", \"2:00\");\ncy.get(\"body > form > table > tbody > tr:nth-child(3) > td:nth-child(2) > a\") // .click()\n.should(\"have.attr\", \"href\");\ncy.get(\"body > form > table > tbody > tr:nth-child(3) > td:nth-child(2) > input[type=radio]:nth-child(4)\").check({\n  force: true\n});\ncy.get(\"body > form > table > tbody > tr:nth-child(3) > td:nth-child(2) > input[type=radio]:nth-child(5)\").check({\n  force: true\n});\ncy.get(\"form\").submit();\ncy.get(\"body > form > table > tbody > tr:nth-child(4) > td:nth-child(2) > span.SubHead > b\").then(function (price) {\n  var value = price.text();\n  expect(value).to.equal(\"$ 12.00\");\n});\ncy.get(\"body > form > table > tbody > tr:nth-child(4) > td:nth-child(2) > span.BodyCopy > b\").then(function (date) {\n  var day = date.text().trim();\n  expect(day).to.equal(\"(0 Days, 1 Hours, 0 Minutes)\");\n});",
              "err": {},
              "uuid": "7278ed1d-12ef-4f2c-bf80-c3bfadaba9cf",
              "parentUUID": "fb70b5c3-bc1e-4c41-89f3-32d325382ef9",
              "isHook": false,
              "skipped": false
            }
          ],
          "suites": [],
          "passes": [
            "6c67ab09-dc90-44a6-ba02-edccd865ce09",
            "7278ed1d-12ef-4f2c-bf80-c3bfadaba9cf"
          ],
          "failures": [],
          "pending": [],
          "skipped": [],
          "duration": 11550,
          "root": false,
          "rootEmpty": false,
          "_timeout": 2000
        }
      ],
      "passes": [],
      "failures": [],
      "pending": [],
      "skipped": [],
      "duration": 0,
      "root": true,
      "rootEmpty": true,
      "_timeout": 2000
    }
  ],
  "meta": {
    "mocha": {
      "version": "7.0.1"
    },
    "mochawesome": {
      "options": {
        "quiet": false,
        "reportFilename": "mochawesome",
        "saveHtml": false,
        "saveJson": true,
        "consoleReporter": "spec",
        "useInlineDiffs": false,
        "code": true
      },
      "version": "6.1.1"
    },
    "marge": {
      "options": {
        "id": "default",
        "reportDir": "cypress/results/mochawesome",
        "overwrite": false,
        "html": false,
        "json": true
      },
      "version": "5.1.0"
    }
  }
}