{
  "stats": {
    "suites": 1,
    "tests": 11,
    "passes": 11,
    "pending": 0,
    "failures": 0,
    "start": "2020-07-29T14:25:51.521Z",
    "end": "2020-07-29T14:25:55.401Z",
    "duration": 3880,
    "testsRegistered": 11,
    "passPercent": 100,
    "pendingPercent": 0,
    "other": 0,
    "hasOther": false,
    "skipped": 0,
    "hasSkipped": false
  },
  "results": [
    {
      "uuid": "26f3edc1-e186-419d-b2a5-5c2b0bcc684b",
      "title": "",
      "fullFile": "cypress/integration/TestWithObjects.js",
      "file": "cypress/integration/TestWithObjects.js",
      "beforeHooks": [],
      "afterHooks": [],
      "tests": [],
      "suites": [
        {
          "uuid": "895be5aa-67da-4187-8f12-827f29b7af8c",
          "title": "Friendly_User_Test",
          "fullFile": "",
          "file": "",
          "beforeHooks": [],
          "afterHooks": [],
          "tests": [
            {
              "title": "Open Application",
              "fullTitle": "Friendly_User_Test Open Application",
              "timedOut": null,
              "duration": 1067,
              "state": "passed",
              "speed": "slow",
              "pass": true,
              "fail": false,
              "pending": false,
              "context": null,
              "code": "cy.openMainPage();",
              "err": {},
              "uuid": "86e7a07a-01e6-4455-9550-0482ce86e2f4",
              "parentUUID": "895be5aa-67da-4187-8f12-827f29b7af8c",
              "isHook": false,
              "skipped": false
            },
            {
              "title": "Parking Lot Test",
              "fullTitle": "Friendly_User_Test Parking Lot Test",
              "timedOut": null,
              "duration": 217,
              "state": "passed",
              "speed": "slow",
              "pass": true,
              "fail": false,
              "pending": false,
              "context": null,
              "code": "_parkingLotPicker.onParkingLotPicker.pickLot(\"Short-Term Parking\");",
              "err": {},
              "uuid": "15a56470-49a8-42f2-868d-c84b998d0ee3",
              "parentUUID": "895be5aa-67da-4187-8f12-827f29b7af8c",
              "isHook": false,
              "skipped": false
            },
            {
              "title": "Starting Date Test",
              "fullTitle": "Friendly_User_Test Starting Date Test",
              "timedOut": null,
              "duration": 413,
              "state": "passed",
              "speed": "slow",
              "pass": true,
              "fail": false,
              "pending": false,
              "context": null,
              "code": "_startingDate.onStartingDate.pickDate(\"7/29/2020\");",
              "err": {},
              "uuid": "ccedb4af-2bcb-468e-a656-d00e1206485c",
              "parentUUID": "895be5aa-67da-4187-8f12-827f29b7af8c",
              "isHook": false,
              "skipped": false
            },
            {
              "title": "Starting Time Test",
              "fullTitle": "Friendly_User_Test Starting Time Test",
              "timedOut": null,
              "duration": 369,
              "state": "passed",
              "speed": "slow",
              "pass": true,
              "fail": false,
              "pending": false,
              "context": null,
              "code": "_startingTime.OnStartingTime.pickTime(\"12:00\");",
              "err": {},
              "uuid": "b579d42e-491c-48c3-8a65-763442e21e02",
              "parentUUID": "895be5aa-67da-4187-8f12-827f29b7af8c",
              "isHook": false,
              "skipped": false
            },
            {
              "title": "Starting Time AM or PM Test",
              "fullTitle": "Friendly_User_Test Starting Time AM or PM Test",
              "timedOut": null,
              "duration": 117,
              "state": "passed",
              "speed": "slow",
              "pass": true,
              "fail": false,
              "pending": false,
              "context": null,
              "code": "_startingTimeAMPM.OnStartingTimeAMPM.pickPeriod(\"PM\");",
              "err": {},
              "uuid": "612419b9-bd33-48a6-8527-af555644325c",
              "parentUUID": "895be5aa-67da-4187-8f12-827f29b7af8c",
              "isHook": false,
              "skipped": false
            },
            {
              "title": "Leaving Date Test",
              "fullTitle": "Friendly_User_Test Leaving Date Test",
              "timedOut": null,
              "duration": 414,
              "state": "passed",
              "speed": "slow",
              "pass": true,
              "fail": false,
              "pending": false,
              "context": null,
              "code": "_LeavingDate.OnLeavingDate.leaveDate(\"7/29/2020\");",
              "err": {},
              "uuid": "c55d11d7-3acc-4065-8a95-5b68fdc7dc34",
              "parentUUID": "895be5aa-67da-4187-8f12-827f29b7af8c",
              "isHook": false,
              "skipped": false
            },
            {
              "title": "Leaving Time Test",
              "fullTitle": "Friendly_User_Test Leaving Time Test",
              "timedOut": null,
              "duration": 345,
              "state": "passed",
              "speed": "slow",
              "pass": true,
              "fail": false,
              "pending": false,
              "context": null,
              "code": "_LeavingTime.OnLeavingTime.leaveTime(\"1:00\");",
              "err": {},
              "uuid": "49e7a880-6ea8-4435-bdaf-5c04e037b2ac",
              "parentUUID": "895be5aa-67da-4187-8f12-827f29b7af8c",
              "isHook": false,
              "skipped": false
            },
            {
              "title": "Leaving Time AM or PM Test",
              "fullTitle": "Friendly_User_Test Leaving Time AM or PM Test",
              "timedOut": null,
              "duration": 95,
              "state": "passed",
              "speed": "slow",
              "pass": true,
              "fail": false,
              "pending": false,
              "context": null,
              "code": "_LeavingTimeAMPM.OnLeavingTimeAMPM.pickPeriod(\"PM\");",
              "err": {},
              "uuid": "119e48fd-64ec-4adc-b131-58fd6e70082f",
              "parentUUID": "895be5aa-67da-4187-8f12-827f29b7af8c",
              "isHook": false,
              "skipped": false
            },
            {
              "title": "Format Submit Test",
              "fullTitle": "Friendly_User_Test Format Submit Test",
              "timedOut": null,
              "duration": 589,
              "state": "passed",
              "speed": "slow",
              "pass": true,
              "fail": false,
              "pending": false,
              "context": null,
              "code": "_submitForm.FormSubmit.Submit();",
              "err": {},
              "uuid": "77f6b362-7a12-4e7e-9088-808bde0b2bc3",
              "parentUUID": "895be5aa-67da-4187-8f12-827f29b7af8c",
              "isHook": false,
              "skipped": false
            },
            {
              "title": "Check Correct Price Test",
              "fullTitle": "Friendly_User_Test Check Correct Price Test",
              "timedOut": null,
              "duration": 55,
              "state": "passed",
              "speed": "medium",
              "pass": true,
              "fail": false,
              "pending": false,
              "context": null,
              "code": "_checkPrice.oncheckPrice.ShouldBe(\"$ 2.00\");",
              "err": {},
              "uuid": "707b4c42-1a9a-4b6e-b70c-bfbe4a813f29",
              "parentUUID": "895be5aa-67da-4187-8f12-827f29b7af8c",
              "isHook": false,
              "skipped": false
            },
            {
              "title": "Check Correct Date Test",
              "fullTitle": "Friendly_User_Test Check Correct Date Test",
              "timedOut": null,
              "duration": 35,
              "state": "passed",
              "speed": "fast",
              "pass": true,
              "fail": false,
              "pending": false,
              "context": null,
              "code": "_checkDate.OncheckDate.CheckDate(\"(0 Days, 1 Hours, 0 Minutes)\");",
              "err": {},
              "uuid": "a83c3b0d-b251-4ceb-bbfe-2933eb1e267d",
              "parentUUID": "895be5aa-67da-4187-8f12-827f29b7af8c",
              "isHook": false,
              "skipped": false
            }
          ],
          "suites": [],
          "passes": [
            "86e7a07a-01e6-4455-9550-0482ce86e2f4",
            "15a56470-49a8-42f2-868d-c84b998d0ee3",
            "ccedb4af-2bcb-468e-a656-d00e1206485c",
            "b579d42e-491c-48c3-8a65-763442e21e02",
            "612419b9-bd33-48a6-8527-af555644325c",
            "c55d11d7-3acc-4065-8a95-5b68fdc7dc34",
            "49e7a880-6ea8-4435-bdaf-5c04e037b2ac",
            "119e48fd-64ec-4adc-b131-58fd6e70082f",
            "77f6b362-7a12-4e7e-9088-808bde0b2bc3",
            "707b4c42-1a9a-4b6e-b70c-bfbe4a813f29",
            "a83c3b0d-b251-4ceb-bbfe-2933eb1e267d"
          ],
          "failures": [],
          "pending": [],
          "skipped": [],
          "duration": 3716,
          "root": false,
          "rootEmpty": false,
          "_timeout": 2000
        }
      ],
      "passes": [],
      "failures": [],
      "pending": [],
      "skipped": [],
      "duration": 0,
      "root": true,
      "rootEmpty": true,
      "_timeout": 2000
    }
  ],
  "meta": {
    "mocha": {
      "version": "7.0.1"
    },
    "mochawesome": {
      "options": {
        "quiet": false,
        "reportFilename": "mochawesome",
        "saveHtml": false,
        "saveJson": true,
        "consoleReporter": "spec",
        "useInlineDiffs": false,
        "code": true
      },
      "version": "6.1.1"
    },
    "marge": {
      "options": {
        "id": "default",
        "reportDir": "cypress/results/mochawesome",
        "overwrite": false,
        "html": false,
        "json": true
      },
      "version": "5.1.0"
    }
  }
}