{
  "stats": {
    "suites": 1,
    "tests": 10,
    "passes": 10,
    "pending": 0,
    "failures": 0,
    "start": "2020-07-29T17:00:09.043Z",
    "end": "2020-07-29T17:00:13.064Z",
    "duration": 4021,
    "testsRegistered": 10,
    "passPercent": 100,
    "pendingPercent": 0,
    "other": 0,
    "hasOther": false,
    "skipped": 0,
    "hasSkipped": false
  },
  "results": [
    {
      "uuid": "8859145f-1778-4cda-8c78-da7fb5fef4f6",
      "title": "",
      "fullFile": "cypress/integration/TestWithObjects.js",
      "file": "cypress/integration/TestWithObjects.js",
      "beforeHooks": [],
      "afterHooks": [],
      "tests": [],
      "suites": [
        {
          "uuid": "bd10f7a5-6a97-48b8-879c-0a422ed0a5ee",
          "title": "Friendly_User_Test",
          "fullFile": "",
          "file": "",
          "beforeHooks": [],
          "afterHooks": [],
          "tests": [
            {
              "title": "Open Application",
              "fullTitle": "Friendly_User_Test Open Application",
              "timedOut": null,
              "duration": 1015,
              "state": "passed",
              "speed": "slow",
              "pass": true,
              "fail": false,
              "pending": false,
              "context": null,
              "code": "cy.openMainPage();",
              "err": {},
              "uuid": "d7985a6c-c3a7-44d4-b99d-5cb5ae521911",
              "parentUUID": "bd10f7a5-6a97-48b8-879c-0a422ed0a5ee",
              "isHook": false,
              "skipped": false
            },
            {
              "title": "Parking Lot Test",
              "fullTitle": "Friendly_User_Test Parking Lot Test",
              "timedOut": null,
              "duration": 267,
              "state": "passed",
              "speed": "slow",
              "pass": true,
              "fail": false,
              "pending": false,
              "context": null,
              "code": "_parkingLotPicker.onParkingLotPicker.pickLot(\"Short-Term Parking\");",
              "err": {},
              "uuid": "301f06e4-7fb3-4dc0-b393-fc38fcc92587",
              "parentUUID": "bd10f7a5-6a97-48b8-879c-0a422ed0a5ee",
              "isHook": false,
              "skipped": false
            },
            {
              "title": "Starting Date Test",
              "fullTitle": "Friendly_User_Test Starting Date Test",
              "timedOut": null,
              "duration": 452,
              "state": "passed",
              "speed": "slow",
              "pass": true,
              "fail": false,
              "pending": false,
              "context": null,
              "code": "_startingDate.onStartingDate.pickDate(\"7/29/2020\");",
              "err": {},
              "uuid": "9fa53fd8-5b9c-4919-a357-ec7df72d17ee",
              "parentUUID": "bd10f7a5-6a97-48b8-879c-0a422ed0a5ee",
              "isHook": false,
              "skipped": false
            },
            {
              "title": "Starting Time Test",
              "fullTitle": "Friendly_User_Test Starting Time Test",
              "timedOut": null,
              "duration": 359,
              "state": "passed",
              "speed": "slow",
              "pass": true,
              "fail": false,
              "pending": false,
              "context": null,
              "code": "_startingTime.OnStartingTime.pickTime(\"12:00\");",
              "err": {},
              "uuid": "13390b21-138f-493d-8868-7aeb9267bbcb",
              "parentUUID": "bd10f7a5-6a97-48b8-879c-0a422ed0a5ee",
              "isHook": false,
              "skipped": false
            },
            {
              "title": "Starting Time AM or PM Test",
              "fullTitle": "Friendly_User_Test Starting Time AM or PM Test",
              "timedOut": null,
              "duration": 106,
              "state": "passed",
              "speed": "slow",
              "pass": true,
              "fail": false,
              "pending": false,
              "context": null,
              "code": "_startingTimeAMPM.OnStartingTimeAMPM.pickPeriod(\"PM\");",
              "err": {},
              "uuid": "66d706b2-2ce4-431a-9f5c-bf372d54ee24",
              "parentUUID": "bd10f7a5-6a97-48b8-879c-0a422ed0a5ee",
              "isHook": false,
              "skipped": false
            },
            {
              "title": "Leaving Date Test",
              "fullTitle": "Friendly_User_Test Leaving Date Test",
              "timedOut": null,
              "duration": 404,
              "state": "passed",
              "speed": "slow",
              "pass": true,
              "fail": false,
              "pending": false,
              "context": null,
              "code": "_LeavingDate.OnLeavingDate.leaveDate(\"7/8/2020\");",
              "err": {},
              "uuid": "6079fc8e-9e4e-4cad-b11c-afcf7c9ca36f",
              "parentUUID": "bd10f7a5-6a97-48b8-879c-0a422ed0a5ee",
              "isHook": false,
              "skipped": false
            },
            {
              "title": "Leaving Time Test",
              "fullTitle": "Friendly_User_Test Leaving Time Test",
              "timedOut": null,
              "duration": 393,
              "state": "passed",
              "speed": "slow",
              "pass": true,
              "fail": false,
              "pending": false,
              "context": null,
              "code": "_LeavingTime.OnLeavingTime.leaveTime(\"12:00\");",
              "err": {},
              "uuid": "9ac0b762-a8b7-4a79-9cb1-ebfccdd23e00",
              "parentUUID": "bd10f7a5-6a97-48b8-879c-0a422ed0a5ee",
              "isHook": false,
              "skipped": false
            },
            {
              "title": "Leaving Time AM or PM Test",
              "fullTitle": "Friendly_User_Test Leaving Time AM or PM Test",
              "timedOut": null,
              "duration": 112,
              "state": "passed",
              "speed": "slow",
              "pass": true,
              "fail": false,
              "pending": false,
              "context": null,
              "code": "_LeavingTimeAMPM.OnLeavingTimeAMPM.pickPeriod(\"PM\");",
              "err": {},
              "uuid": "455836a6-69e6-4bc3-8b35-507392d7a730",
              "parentUUID": "bd10f7a5-6a97-48b8-879c-0a422ed0a5ee",
              "isHook": false,
              "skipped": false
            },
            {
              "title": "Format Submit Test",
              "fullTitle": "Friendly_User_Test Format Submit Test",
              "timedOut": null,
              "duration": 604,
              "state": "passed",
              "speed": "slow",
              "pass": true,
              "fail": false,
              "pending": false,
              "context": null,
              "code": "_submitForm.FormSubmit.Submit();",
              "err": {},
              "uuid": "6b956825-90c6-4fdf-ad46-b25b45883482",
              "parentUUID": "bd10f7a5-6a97-48b8-879c-0a422ed0a5ee",
              "isHook": false,
              "skipped": false
            },
            {
              "title": "Check Error Message Test",
              "fullTitle": "Friendly_User_Test Check Error Message Test",
              "timedOut": null,
              "duration": 63,
              "state": "passed",
              "speed": "medium",
              "pass": true,
              "fail": false,
              "pending": false,
              "context": null,
              "code": "/* Error Type\nERROR! Your Leaving Date Or Time Is Before Your Starting Date or Time {\n  add initial date (7/29/2020) and leavingDate(7/8/2020) to check out this error\n}\n  \n*/\n/*ERROR! Enter A Correctly Formatted Date {\n  for this error type the incorrect date format \n}\n*/\n_CheckErrorMessage.OnerrMessage.CheckErrMessage(\"ERROR! Your Leaving Date Or Time Is Before Your Starting Date or Time\");",
              "err": {},
              "uuid": "3a6e6632-757a-4e98-96ec-cd4b157a6022",
              "parentUUID": "bd10f7a5-6a97-48b8-879c-0a422ed0a5ee",
              "isHook": false,
              "skipped": false
            }
          ],
          "suites": [],
          "passes": [
            "d7985a6c-c3a7-44d4-b99d-5cb5ae521911",
            "301f06e4-7fb3-4dc0-b393-fc38fcc92587",
            "9fa53fd8-5b9c-4919-a357-ec7df72d17ee",
            "13390b21-138f-493d-8868-7aeb9267bbcb",
            "66d706b2-2ce4-431a-9f5c-bf372d54ee24",
            "6079fc8e-9e4e-4cad-b11c-afcf7c9ca36f",
            "9ac0b762-a8b7-4a79-9cb1-ebfccdd23e00",
            "455836a6-69e6-4bc3-8b35-507392d7a730",
            "6b956825-90c6-4fdf-ad46-b25b45883482",
            "3a6e6632-757a-4e98-96ec-cd4b157a6022"
          ],
          "failures": [],
          "pending": [],
          "skipped": [],
          "duration": 3775,
          "root": false,
          "rootEmpty": false,
          "_timeout": 2000
        }
      ],
      "passes": [],
      "failures": [],
      "pending": [],
      "skipped": [],
      "duration": 0,
      "root": true,
      "rootEmpty": true,
      "_timeout": 2000
    }
  ],
  "meta": {
    "mocha": {
      "version": "7.0.1"
    },
    "mochawesome": {
      "options": {
        "quiet": false,
        "reportFilename": "mochawesome",
        "saveHtml": false,
        "saveJson": true,
        "consoleReporter": "spec",
        "useInlineDiffs": false,
        "code": true
      },
      "version": "6.1.1"
    },
    "marge": {
      "options": {
        "id": "default",
        "reportDir": "cypress/results/mochawesome",
        "overwrite": false,
        "html": false,
        "json": true
      },
      "version": "5.1.0"
    }
  }
}