<?xml version="1.0" encoding="UTF-8"?>
<testsuites name="Mocha Tests" time="3.7050" tests="11" failures="0">
  <testsuite name="Root Suite" timestamp="2020-07-30T18:37:47" tests="0" file="cypress/integration/TestWithObjects.js" time="0.0000" failures="0">
  </testsuite>
  <testsuite name="Friendly_User_Test" timestamp="2020-07-30T18:37:47" tests="11" time="3.7050" failures="0">
    <testcase name="Friendly_User_Test Open Application" time="1.0160" classname="Open Application">
    </testcase>
    <testcase name="Friendly_User_Test Parking Lot Test" time="0.2110" classname="Parking Lot Test">
    </testcase>
    <testcase name="Friendly_User_Test Starting Date Test" time="0.4690" classname="Starting Date Test">
    </testcase>
    <testcase name="Friendly_User_Test Starting Time Test" time="0.3510" classname="Starting Time Test">
    </testcase>
    <testcase name="Friendly_User_Test Starting Time AM or PM Test" time="0.1020" classname="Starting Time AM or PM Test">
    </testcase>
    <testcase name="Friendly_User_Test Leaving Date Test" time="0.4160" classname="Leaving Date Test">
    </testcase>
    <testcase name="Friendly_User_Test Leaving Time Test" time="0.3140" classname="Leaving Time Test">
    </testcase>
    <testcase name="Friendly_User_Test Leaving Time AM or PM Test" time="0.1090" classname="Leaving Time AM or PM Test">
    </testcase>
    <testcase name="Friendly_User_Test Format Submit Test" time="0.5900" classname="Format Submit Test">
    </testcase>
    <testcase name="Friendly_User_Test Check Correct Price Test" time="0.0970" classname="Check Correct Price Test">
    </testcase>
    <testcase name="Friendly_User_Test Check Correct Date Test" time="0.0300" classname="Check Correct Date Test">
    </testcase>
  </testsuite>
</testsuites>