<?xml version="1.0" encoding="UTF-8"?>
<testsuites name="Mocha Tests" time="11.1280" tests="2" failures="0">
  <testsuite name="Root Suite" timestamp="2020-07-29T14:25:37" tests="0" file="cypress/integration/Test_UI.spec.js" time="0.0000" failures="0">
  </testsuite>
  <testsuite name="Tests is only to check if calendar , dropdowns, radiobutton works" timestamp="2020-07-29T14:25:37" tests="2" time="11.1280" failures="0">
    <testcase name="Tests is only to check if calendar , dropdowns, radiobutton works  Choose a Parking Lot Dropdown Test" time="8.0950" classname=" Choose a Parking Lot Dropdown Test">
    </testcase>
    <testcase name="Tests is only to check if calendar , dropdowns, radiobutton works Please input calendar, time and  radio boton test" time="3.0330" classname="Please input calendar, time and  radio boton test">
    </testcase>
  </testsuite>
</testsuites>